This file contains any messages produced by compilers while
running configure, to aid debugging if configure makes a mistake.

It was created by libphobos configure version-unused, which was
generated by GNU Autoconf 2.61.  Invocation command line was

  $ ./configure 

## --------- ##
## Platform. ##
## --------- ##

hostname = icaro-2.local
uname -m = i386
uname -r = 9.7.0
uname -s = Darwin
uname -v = Darwin Kernel Version 9.7.0: Tue Mar 31 22:52:17 PDT 2009; root:xnu-1228.12.14~1/RELEASE_I386

/usr/bin/uname -p = i386
/bin/uname -X     = unknown

/bin/arch              = unknown
/usr/bin/arch -k       = unknown
/usr/convex/getsysinfo = unknown
/usr/bin/hostinfo      = Mach kernel version:
	 Darwin Kernel Version 9.7.0: Tue Mar 31 22:52:17 PDT 2009; root:xnu-1228.12.14~1/RELEASE_I386
Kernel configured for up to 2 processors.
2 processors are physically available.
2 processors are logically available.
Processor type: i486 (Intel 80486)
Processors active: 0 1
Primary memory available: 2.00 gigabytes
Default processor set: 79 tasks, 370 threads, 2 processors
Load average: 1.56, Mach factor: 0.71
/bin/machine           = unknown
/usr/bin/oslevel       = unknown
/bin/universe          = unknown

PATH: /Users/fawzi/pkgs/dsss075Gdc/bin
PATH: /Users/fawzi/bin
PATH: /System/Library/Frameworks/Python.framework/Versions/Current/bin
PATH: /opt/local/bin
PATH: /opt/local/sbin
PATH: /usr/bin
PATH: /bin
PATH: /usr/sbin
PATH: /sbin
PATH: /usr/local/bin
PATH: /usr/texbin
PATH: /usr/X11/bin
PATH: /Users/fawzi/pkgs/gdc/bin


## ----------- ##
## Core tests. ##
## ----------- ##

configure:1827: checking build system type
configure:1845: result: i386-apple-darwin9.7.0
configure:1867: checking host system type
configure:1882: result: i386-apple-darwin9.7.0
configure:1904: checking target system type
configure:1919: result: i386-apple-darwin9.7.0
configure:1965: checking for a BSD-compatible install
configure:2021: result: /usr/bin/install -c
configure:2032: checking whether build environment is sane
configure:2075: result: yes
configure:2103: checking for a thread-safe mkdir -p
configure:2142: result: ./install-sh -c -d
configure:2155: checking for gawk
configure:2185: result: no
configure:2155: checking for mawk
configure:2185: result: no
configure:2155: checking for nawk
configure:2185: result: no
configure:2155: checking for awk
configure:2171: found /usr/bin/awk
configure:2182: result: awk
configure:2193: checking whether make sets $(MAKE)
configure:2214: result: yes
configure:2504: checking for gcc
configure:2520: found /usr/bin/gcc
configure:2531: result: gcc
configure:2545: WARNING: In the future, Autoconf will not detect cross-tools
whose name does not start with the host triplet.  If you think this
configuration is useful to you, please write to autoconf@gnu.org.
configure:2769: checking for C compiler version
configure:2776: gcc --version >&5
i686-apple-darwin9-gcc-4.0.1 (GCC) 4.0.1 (Apple Inc. build 5488)
Copyright (C) 2005 Free Software Foundation, Inc.
This is free software; see the source for copying conditions.  There is NO
warranty; not even for MERCHANTABILITY or FITNESS FOR A PARTICULAR PURPOSE.

configure:2779: $? = 0
configure:2786: gcc -v >&5
Using built-in specs.
Target: i686-apple-darwin9
Configured with: /var/tmp/gcc/gcc-5488~2/src/configure --disable-checking -enable-werror --prefix=/usr --mandir=/share/man --enable-languages=c,objc,c++,obj-c++ --program-transform-name=/^[cg][^.-]*$/s/$/-4.0/ --with-gxx-include-dir=/include/c++/4.0.0 --with-slibdir=/usr/lib --build=i686-apple-darwin9 --with-arch=apple --with-tune=generic --host=i686-apple-darwin9 --target=i686-apple-darwin9
Thread model: posix
gcc version 4.0.1 (Apple Inc. build 5488)
configure:2789: $? = 0
configure:2796: gcc -V >&5
gcc-4.0: argument to `-V' is missing
configure:2799: $? = 1
configure:2822: checking for C compiler default output file name
configure:2849: gcc    conftest.c  >&5
configure:2852: $? = 0
configure:2890: result: a.out
configure:2907: checking whether the C compiler works
configure:2937: result: yes
configure:2944: checking whether we are cross compiling
configure:2946: result: yes
configure:2949: checking for suffix of executables
configure:2956: gcc -o conftest    conftest.c  >&5
configure:2959: $? = 0
configure:2983: result: 
configure:2989: checking for suffix of object files
configure:3015: gcc -c   conftest.c >&5
configure:3018: $? = 0
configure:3041: result: o
configure:3045: checking whether we are using the GNU C compiler
configure:3074: gcc -c   conftest.c >&5
configure:3080: $? = 0
configure:3097: result: yes
configure:3102: checking whether gcc accepts -g
configure:3132: gcc -c -g  conftest.c >&5
configure:3138: $? = 0
configure:3237: result: yes
configure:3254: checking for gcc option to accept ISO C89
configure:3328: gcc  -c -g -O2  conftest.c >&5
configure:3334: $? = 0
configure:3357: result: none needed
configure:3433: checking for g++
configure:3449: found /usr/bin/g++
configure:3460: result: g++
configure:3491: checking for C++ compiler version
configure:3498: g++ --version >&5
i686-apple-darwin9-g++-4.0.1 (GCC) 4.0.1 (Apple Inc. build 5488)
Copyright (C) 2005 Free Software Foundation, Inc.
This is free software; see the source for copying conditions.  There is NO
warranty; not even for MERCHANTABILITY or FITNESS FOR A PARTICULAR PURPOSE.

configure:3501: $? = 0
configure:3508: g++ -v >&5
Using built-in specs.
Target: i686-apple-darwin9
Configured with: /var/tmp/gcc/gcc-5488~2/src/configure --disable-checking -enable-werror --prefix=/usr --mandir=/share/man --enable-languages=c,objc,c++,obj-c++ --program-transform-name=/^[cg][^.-]*$/s/$/-4.0/ --with-gxx-include-dir=/include/c++/4.0.0 --with-slibdir=/usr/lib --build=i686-apple-darwin9 --with-arch=apple --with-tune=generic --host=i686-apple-darwin9 --target=i686-apple-darwin9
Thread model: posix
gcc version 4.0.1 (Apple Inc. build 5488)
configure:3511: $? = 0
configure:3518: g++ -V >&5
g++-4.0: argument to `-V' is missing
configure:3521: $? = 1
configure:3524: checking whether we are using the GNU C++ compiler
configure:3553: g++ -c  -fno-builtin  conftest.cpp >&5
configure:3559: $? = 0
configure:3576: result: yes
configure:3581: checking whether g++ accepts -g
configure:3611: g++ -c -g  conftest.cpp >&5
configure:3617: $? = 0
configure:3716: result: yes
configure:3794: checking for ranlib
configure:3810: found /usr/bin/ranlib
configure:3821: result: ranlib
configure:3861: checking for a BSD-compatible install
configure:3917: result: /usr/bin/install -c
configure:3928: checking whether make sets $(MAKE)
configure:3949: result: yes
configure:4039: checking If gdc can compile D sources
configure:4046: result: yes
configure:4056: checking D GCC version
configure:4059: result: 4.1.2
configure:4098: checking how to run the C preprocessor
configure:4138: gcc -E  conftest.c
configure:4144: $? = 0
configure:4175: gcc -E  conftest.c
conftest.c:11:28: error: ac_nonexistent.h: No such file or directory
configure:4181: $? = 1
configure: failed program was:
| /* confdefs.h.  */
| #define PACKAGE_NAME "libphobos"
| #define PACKAGE_TARNAME "libphobos"
| #define PACKAGE_VERSION "version-unused"
| #define PACKAGE_STRING "libphobos version-unused"
| #define PACKAGE_BUGREPORT ""
| #define PACKAGE "libphobos"
| #define VERSION "version-unused"
| #define _GNU_SOURCE 1
| /* end confdefs.h.  */
| #include <ac_nonexistent.h>
configure:4214: result: gcc -E
configure:4243: gcc -E  conftest.c
configure:4249: $? = 0
configure:4280: gcc -E  conftest.c
conftest.c:11:28: error: ac_nonexistent.h: No such file or directory
configure:4286: $? = 1
configure: failed program was:
| /* confdefs.h.  */
| #define PACKAGE_NAME "libphobos"
| #define PACKAGE_TARNAME "libphobos"
| #define PACKAGE_VERSION "version-unused"
| #define PACKAGE_STRING "libphobos version-unused"
| #define PACKAGE_BUGREPORT ""
| #define PACKAGE "libphobos"
| #define VERSION "version-unused"
| #define _GNU_SOURCE 1
| /* end confdefs.h.  */
| #include <ac_nonexistent.h>
configure:4324: checking for grep that handles long lines and -e
configure:4398: result: /usr/bin/grep
configure:4403: checking for egrep
configure:4481: result: /usr/bin/grep -E
configure:4486: checking for ANSI C header files
configure:4516: gcc -c -g -O2  conftest.c >&5
configure:4522: $? = 0
configure:4621: gcc -o conftest -g -O2   conftest.c  >&5
configure:4624: $? = 0
configure:4630: ./conftest
configure:4633: $? = 0
configure:4650: result: yes
configure:4674: checking for sys/types.h
configure:4695: gcc -c -g -O2  conftest.c >&5
configure:4701: $? = 0
configure:4717: result: yes
configure:4674: checking for sys/stat.h
configure:4695: gcc -c -g -O2  conftest.c >&5
configure:4701: $? = 0
configure:4717: result: yes
configure:4674: checking for stdlib.h
configure:4695: gcc -c -g -O2  conftest.c >&5
configure:4701: $? = 0
configure:4717: result: yes
configure:4674: checking for string.h
configure:4695: gcc -c -g -O2  conftest.c >&5
configure:4701: $? = 0
configure:4717: result: yes
configure:4674: checking for memory.h
configure:4695: gcc -c -g -O2  conftest.c >&5
configure:4701: $? = 0
configure:4717: result: yes
configure:4674: checking for strings.h
configure:4695: gcc -c -g -O2  conftest.c >&5
configure:4701: $? = 0
configure:4717: result: yes
configure:4674: checking for inttypes.h
configure:4695: gcc -c -g -O2  conftest.c >&5
configure:4701: $? = 0
configure:4717: result: yes
configure:4674: checking for stdint.h
configure:4695: gcc -c -g -O2  conftest.c >&5
configure:4701: $? = 0
configure:4717: result: yes
configure:4674: checking for unistd.h
configure:4695: gcc -c -g -O2  conftest.c >&5
configure:4701: $? = 0
configure:4717: result: yes
configure:4739: checking stdio.h usability
configure:4756: gcc -c -g -O2  conftest.c >&5
configure:4762: $? = 0
configure:4776: result: yes
configure:4780: checking stdio.h presence
configure:4795: gcc -E  conftest.c
configure:4801: $? = 0
configure:4815: result: yes
configure:4843: checking for stdio.h
configure:4850: result: yes
configure:4875: checking dirent.h usability
configure:4892: gcc -c -g -O2  conftest.c >&5
configure:4898: $? = 0
configure:4912: result: yes
configure:4916: checking dirent.h presence
configure:4931: gcc -E  conftest.c
configure:4937: $? = 0
configure:4951: result: yes
configure:4979: checking for dirent.h
configure:4986: result: yes
configure:5002: checking for sizeof(FILE)
configure:5026: gcc -c -g -O2  conftest.c >&5
configure:5032: $? = 0
configure:5037: result: yes
configure:5054: checking for sizeof(DIR)
configure:5078: gcc -c -g -O2  conftest.c >&5
configure:5084: $? = 0
configure:5089: result: yes
configure:5108: checking for cos in -lm
configure:5143: gcc -o conftest -g -O2   conftest.c -lm   >&5
conftest.c:30: warning: conflicting types for built-in function 'cos'
configure:5149: $? = 0
configure:5167: result: yes
configure:5548: checking for sqrtf
configure:5604: gcc -o conftest -g -O2   conftest.c -lm  >&5
conftest.c:47: warning: conflicting types for built-in function 'sqrtf'
configure:5610: $? = 0
configure:5627: result: yes
configure:5641: checking for trunc
configure:5697: gcc -o conftest -g -O2   conftest.c -lm  >&5
conftest.c:47: warning: conflicting types for built-in function 'trunc'
configure:5703: $? = 0
configure:5720: result: yes
configure:5730: checking for nearbyint
configure:5786: gcc -o conftest -g -O2   conftest.c -lm  >&5
conftest.c:47: warning: conflicting types for built-in function 'nearbyint'
configure:5792: $? = 0
configure:5809: result: yes
configure:5819: checking for round
configure:5875: gcc -o conftest -g -O2   conftest.c -lm  >&5
conftest.c:47: warning: conflicting types for built-in function 'round'
configure:5881: $? = 0
configure:5898: result: yes
configure:5908: checking for tgamma
configure:5964: gcc -o conftest -g -O2   conftest.c -lm  >&5
conftest.c:47: warning: conflicting types for built-in function 'tgamma'
configure:5970: $? = 0
configure:5987: result: yes
configure:6000: checking for nan
configure:6056: gcc -o conftest -g -O2   conftest.c -lm  >&5
configure:6062: $? = 0
configure:6079: result: yes
configure:6094: checking for exp2
configure:6150: gcc -o conftest -g -O2   conftest.c -lm  >&5
conftest.c:47: warning: conflicting types for built-in function 'exp2'
configure:6156: $? = 0
configure:6174: result: yes
configure:6094: checking for log2
configure:6150: gcc -o conftest -g -O2   conftest.c -lm  >&5
conftest.c:48: warning: conflicting types for built-in function 'log2'
configure:6156: $? = 0
configure:6174: result: yes
configure:6193: checking for fpclassify and signbit
configure:6225: gcc -c -g -O2  conftest.c >&5
conftest.c:31: warning: conflicting types for built-in function 'signbit'
configure:6231: $? = 0
configure:6236: result: yes
configure:6279: checking for execvpe
configure:6335: gcc -o conftest -g -O2   conftest.c -lm  >&5
Undefined symbols:
  "_execvpe", referenced from:
      _main in cccT1n8y.o
ld: symbol(s) not found
collect2: ld returned 1 exit status
configure:6341: $? = 1
configure: failed program was:
| /* confdefs.h.  */
| #define PACKAGE_NAME "libphobos"
| #define PACKAGE_TARNAME "libphobos"
| #define PACKAGE_VERSION "version-unused"
| #define PACKAGE_STRING "libphobos version-unused"
| #define PACKAGE_BUGREPORT ""
| #define PACKAGE "libphobos"
| #define VERSION "version-unused"
| #define _GNU_SOURCE 1
| #define STDC_HEADERS 1
| #define HAVE_SYS_TYPES_H 1
| #define HAVE_SYS_STAT_H 1
| #define HAVE_STDLIB_H 1
| #define HAVE_STRING_H 1
| #define HAVE_MEMORY_H 1
| #define HAVE_STRINGS_H 1
| #define HAVE_INTTYPES_H 1
| #define HAVE_STDINT_H 1
| #define HAVE_UNISTD_H 1
| #define HAVE_SIZEOF_FILE 1
| #define HAVE_SIZEOF_DIR 1
| #define HAVE_LIBM 1
| #define HAVE_EXP2 1
| #define HAVE_LOG2 1
| #define HAVE_FP_CLASSIFY_SIGNBIT 1
| /* end confdefs.h.  */
| /* Define execvpe to an innocuous variant, in case <limits.h> declares execvpe.
|    For example, HP-UX 11i <limits.h> declares gettimeofday.  */
| #define execvpe innocuous_execvpe
| 
| /* System header to define __stub macros and hopefully few prototypes,
|     which can conflict with char execvpe (); below.
|     Prefer <limits.h> to <assert.h> if __STDC__ is defined, since
|     <limits.h> exists even on freestanding compilers.  */
| 
| #ifdef __STDC__
| # include <limits.h>
| #else
| # include <assert.h>
| #endif
| 
| #undef execvpe
| 
| /* Override any GCC internal prototype to avoid an error.
|    Use char because int might match the return type of a GCC
|    builtin and then its argument prototype would still apply.  */
| #ifdef __cplusplus
| extern "C"
| #endif
| char execvpe ();
| /* The GNU C library defines this for functions which it implements
|     to always fail with ENOSYS.  Some functions are actually named
|     something starting with __ and the normal name is an alias.  */
| #if defined __stub_execvpe || defined __stub___execvpe
| choke me
| #endif
| 
| int
| main ()
| {
| return execvpe ();
|   ;
|   return 0;
| }
configure:6358: result: no
configure:6368: checking for spawnvp
configure:6424: gcc -o conftest -g -O2   conftest.c -lm  >&5
Undefined symbols:
  "_spawnvp", referenced from:
      _main in cccVusvA.o
ld: symbol(s) not found
collect2: ld returned 1 exit status
configure:6430: $? = 1
configure: failed program was:
| /* confdefs.h.  */
| #define PACKAGE_NAME "libphobos"
| #define PACKAGE_TARNAME "libphobos"
| #define PACKAGE_VERSION "version-unused"
| #define PACKAGE_STRING "libphobos version-unused"
| #define PACKAGE_BUGREPORT ""
| #define PACKAGE "libphobos"
| #define VERSION "version-unused"
| #define _GNU_SOURCE 1
| #define STDC_HEADERS 1
| #define HAVE_SYS_TYPES_H 1
| #define HAVE_SYS_STAT_H 1
| #define HAVE_STDLIB_H 1
| #define HAVE_STRING_H 1
| #define HAVE_MEMORY_H 1
| #define HAVE_STRINGS_H 1
| #define HAVE_INTTYPES_H 1
| #define HAVE_STDINT_H 1
| #define HAVE_UNISTD_H 1
| #define HAVE_SIZEOF_FILE 1
| #define HAVE_SIZEOF_DIR 1
| #define HAVE_LIBM 1
| #define HAVE_EXP2 1
| #define HAVE_LOG2 1
| #define HAVE_FP_CLASSIFY_SIGNBIT 1
| /* end confdefs.h.  */
| /* Define spawnvp to an innocuous variant, in case <limits.h> declares spawnvp.
|    For example, HP-UX 11i <limits.h> declares gettimeofday.  */
| #define spawnvp innocuous_spawnvp
| 
| /* System header to define __stub macros and hopefully few prototypes,
|     which can conflict with char spawnvp (); below.
|     Prefer <limits.h> to <assert.h> if __STDC__ is defined, since
|     <limits.h> exists even on freestanding compilers.  */
| 
| #ifdef __STDC__
| # include <limits.h>
| #else
| # include <assert.h>
| #endif
| 
| #undef spawnvp
| 
| /* Override any GCC internal prototype to avoid an error.
|    Use char because int might match the return type of a GCC
|    builtin and then its argument prototype would still apply.  */
| #ifdef __cplusplus
| extern "C"
| #endif
| char spawnvp ();
| /* The GNU C library defines this for functions which it implements
|     to always fail with ENOSYS.  Some functions are actually named
|     something starting with __ and the normal name is an alias.  */
| #if defined __stub_spawnvp || defined __stub___spawnvp
| choke me
| #endif
| 
| int
| main ()
| {
| return spawnvp ();
|   ;
|   return 0;
| }
configure:6447: result: no
configure:6457: checking for fwide
configure:6513: gcc -o conftest -g -O2   conftest.c -lm  >&5
configure:6519: $? = 0
configure:6536: result: yes
configure:6546: checking for getdelim
configure:6602: gcc -o conftest -g -O2   conftest.c -lm  >&5
Undefined symbols:
  "_getdelim", referenced from:
      _main in ccrvxg4W.o
ld: symbol(s) not found
collect2: ld returned 1 exit status
configure:6608: $? = 1
configure: failed program was:
| /* confdefs.h.  */
| #define PACKAGE_NAME "libphobos"
| #define PACKAGE_TARNAME "libphobos"
| #define PACKAGE_VERSION "version-unused"
| #define PACKAGE_STRING "libphobos version-unused"
| #define PACKAGE_BUGREPORT ""
| #define PACKAGE "libphobos"
| #define VERSION "version-unused"
| #define _GNU_SOURCE 1
| #define STDC_HEADERS 1
| #define HAVE_SYS_TYPES_H 1
| #define HAVE_SYS_STAT_H 1
| #define HAVE_STDLIB_H 1
| #define HAVE_STRING_H 1
| #define HAVE_MEMORY_H 1
| #define HAVE_STRINGS_H 1
| #define HAVE_INTTYPES_H 1
| #define HAVE_STDINT_H 1
| #define HAVE_UNISTD_H 1
| #define HAVE_SIZEOF_FILE 1
| #define HAVE_SIZEOF_DIR 1
| #define HAVE_LIBM 1
| #define HAVE_EXP2 1
| #define HAVE_LOG2 1
| #define HAVE_FP_CLASSIFY_SIGNBIT 1
| /* end confdefs.h.  */
| /* Define getdelim to an innocuous variant, in case <limits.h> declares getdelim.
|    For example, HP-UX 11i <limits.h> declares gettimeofday.  */
| #define getdelim innocuous_getdelim
| 
| /* System header to define __stub macros and hopefully few prototypes,
|     which can conflict with char getdelim (); below.
|     Prefer <limits.h> to <assert.h> if __STDC__ is defined, since
|     <limits.h> exists even on freestanding compilers.  */
| 
| #ifdef __STDC__
| # include <limits.h>
| #else
| # include <assert.h>
| #endif
| 
| #undef getdelim
| 
| /* Override any GCC internal prototype to avoid an error.
|    Use char because int might match the return type of a GCC
|    builtin and then its argument prototype would still apply.  */
| #ifdef __cplusplus
| extern "C"
| #endif
| char getdelim ();
| /* The GNU C library defines this for functions which it implements
|     to always fail with ENOSYS.  Some functions are actually named
|     something starting with __ and the normal name is an alias.  */
| #if defined __stub_getdelim || defined __stub___getdelim
| choke me
| #endif
| 
| int
| main ()
| {
| return getdelim ();
|   ;
|   return 0;
| }
configure:6625: result: no
configure:6635: checking for fgetln
configure:6691: gcc -o conftest -g -O2   conftest.c -lm  >&5
configure:6697: $? = 0
configure:6714: result: yes
configure:6724: checking for fgetline
configure:6780: gcc -o conftest -g -O2   conftest.c -lm  >&5
Undefined symbols:
  "_fgetline", referenced from:
      _main in ccqyHDqP.o
ld: symbol(s) not found
collect2: ld returned 1 exit status
configure:6786: $? = 1
configure: failed program was:
| /* confdefs.h.  */
| #define PACKAGE_NAME "libphobos"
| #define PACKAGE_TARNAME "libphobos"
| #define PACKAGE_VERSION "version-unused"
| #define PACKAGE_STRING "libphobos version-unused"
| #define PACKAGE_BUGREPORT ""
| #define PACKAGE "libphobos"
| #define VERSION "version-unused"
| #define _GNU_SOURCE 1
| #define STDC_HEADERS 1
| #define HAVE_SYS_TYPES_H 1
| #define HAVE_SYS_STAT_H 1
| #define HAVE_STDLIB_H 1
| #define HAVE_STRING_H 1
| #define HAVE_MEMORY_H 1
| #define HAVE_STRINGS_H 1
| #define HAVE_INTTYPES_H 1
| #define HAVE_STDINT_H 1
| #define HAVE_UNISTD_H 1
| #define HAVE_SIZEOF_FILE 1
| #define HAVE_SIZEOF_DIR 1
| #define HAVE_LIBM 1
| #define HAVE_EXP2 1
| #define HAVE_LOG2 1
| #define HAVE_FP_CLASSIFY_SIGNBIT 1
| /* end confdefs.h.  */
| /* Define fgetline to an innocuous variant, in case <limits.h> declares fgetline.
|    For example, HP-UX 11i <limits.h> declares gettimeofday.  */
| #define fgetline innocuous_fgetline
| 
| /* System header to define __stub macros and hopefully few prototypes,
|     which can conflict with char fgetline (); below.
|     Prefer <limits.h> to <assert.h> if __STDC__ is defined, since
|     <limits.h> exists even on freestanding compilers.  */
| 
| #ifdef __STDC__
| # include <limits.h>
| #else
| # include <assert.h>
| #endif
| 
| #undef fgetline
| 
| /* Override any GCC internal prototype to avoid an error.
|    Use char because int might match the return type of a GCC
|    builtin and then its argument prototype would still apply.  */
| #ifdef __cplusplus
| extern "C"
| #endif
| char fgetline ();
| /* The GNU C library defines this for functions which it implements
|     to always fail with ENOSYS.  Some functions are actually named
|     something starting with __ and the normal name is an alias.  */
| #if defined __stub_fgetline || defined __stub___fgetline
| choke me
| #endif
| 
| int
| main ()
| {
| return fgetline ();
|   ;
|   return 0;
| }
configure:6803: result: no
configure:6821: checking for flockfile
configure:6877: gcc -o conftest -g -O2   conftest.c -lm  >&5
configure:6883: $? = 0
configure:6901: result: yes
configure:6821: checking for funlockfile
configure:6877: gcc -o conftest -g -O2   conftest.c -lm  >&5
configure:6883: $? = 0
configure:6901: result: yes
configure:6821: checking for putc_unlocked
configure:6877: gcc -o conftest -g -O2   conftest.c -lm  >&5
configure:6883: $? = 0
configure:6901: result: yes
configure:6821: checking for getc_unlocked
configure:6877: gcc -o conftest -g -O2   conftest.c -lm  >&5
configure:6883: $? = 0
configure:6901: result: yes
configure:6921: checking for putwc_unlocked
configure:6977: gcc -o conftest -g -O2   conftest.c -lm  >&5
Undefined symbols:
  "_putwc_unlocked", referenced from:
      _main in ccLp1Z2U.o
ld: symbol(s) not found
collect2: ld returned 1 exit status
configure:6983: $? = 1
configure: failed program was:
| /* confdefs.h.  */
| #define PACKAGE_NAME "libphobos"
| #define PACKAGE_TARNAME "libphobos"
| #define PACKAGE_VERSION "version-unused"
| #define PACKAGE_STRING "libphobos version-unused"
| #define PACKAGE_BUGREPORT ""
| #define PACKAGE "libphobos"
| #define VERSION "version-unused"
| #define _GNU_SOURCE 1
| #define STDC_HEADERS 1
| #define HAVE_SYS_TYPES_H 1
| #define HAVE_SYS_STAT_H 1
| #define HAVE_STDLIB_H 1
| #define HAVE_STRING_H 1
| #define HAVE_MEMORY_H 1
| #define HAVE_STRINGS_H 1
| #define HAVE_INTTYPES_H 1
| #define HAVE_STDINT_H 1
| #define HAVE_UNISTD_H 1
| #define HAVE_SIZEOF_FILE 1
| #define HAVE_SIZEOF_DIR 1
| #define HAVE_LIBM 1
| #define HAVE_EXP2 1
| #define HAVE_LOG2 1
| #define HAVE_FP_CLASSIFY_SIGNBIT 1
| #define HAVE_FLOCKFILE 1
| #define HAVE_FUNLOCKFILE 1
| #define HAVE_PUTC_UNLOCKED 1
| #define HAVE_GETC_UNLOCKED 1
| /* end confdefs.h.  */
| /* Define putwc_unlocked to an innocuous variant, in case <limits.h> declares putwc_unlocked.
|    For example, HP-UX 11i <limits.h> declares gettimeofday.  */
| #define putwc_unlocked innocuous_putwc_unlocked
| 
| /* System header to define __stub macros and hopefully few prototypes,
|     which can conflict with char putwc_unlocked (); below.
|     Prefer <limits.h> to <assert.h> if __STDC__ is defined, since
|     <limits.h> exists even on freestanding compilers.  */
| 
| #ifdef __STDC__
| # include <limits.h>
| #else
| # include <assert.h>
| #endif
| 
| #undef putwc_unlocked
| 
| /* Override any GCC internal prototype to avoid an error.
|    Use char because int might match the return type of a GCC
|    builtin and then its argument prototype would still apply.  */
| #ifdef __cplusplus
| extern "C"
| #endif
| char putwc_unlocked ();
| /* The GNU C library defines this for functions which it implements
|     to always fail with ENOSYS.  Some functions are actually named
|     something starting with __ and the normal name is an alias.  */
| #if defined __stub_putwc_unlocked || defined __stub___putwc_unlocked
| choke me
| #endif
| 
| int
| main ()
| {
| return putwc_unlocked ();
|   ;
|   return 0;
| }
configure:7001: result: no
configure:6921: checking for getwc_unlocked
configure:6977: gcc -o conftest -g -O2   conftest.c -lm  >&5
Undefined symbols:
  "_getwc_unlocked", referenced from:
      _main in ccTHZWUr.o
ld: symbol(s) not found
collect2: ld returned 1 exit status
configure:6983: $? = 1
configure: failed program was:
| /* confdefs.h.  */
| #define PACKAGE_NAME "libphobos"
| #define PACKAGE_TARNAME "libphobos"
| #define PACKAGE_VERSION "version-unused"
| #define PACKAGE_STRING "libphobos version-unused"
| #define PACKAGE_BUGREPORT ""
| #define PACKAGE "libphobos"
| #define VERSION "version-unused"
| #define _GNU_SOURCE 1
| #define STDC_HEADERS 1
| #define HAVE_SYS_TYPES_H 1
| #define HAVE_SYS_STAT_H 1
| #define HAVE_STDLIB_H 1
| #define HAVE_STRING_H 1
| #define HAVE_MEMORY_H 1
| #define HAVE_STRINGS_H 1
| #define HAVE_INTTYPES_H 1
| #define HAVE_STDINT_H 1
| #define HAVE_UNISTD_H 1
| #define HAVE_SIZEOF_FILE 1
| #define HAVE_SIZEOF_DIR 1
| #define HAVE_LIBM 1
| #define HAVE_EXP2 1
| #define HAVE_LOG2 1
| #define HAVE_FP_CLASSIFY_SIGNBIT 1
| #define HAVE_FLOCKFILE 1
| #define HAVE_FUNLOCKFILE 1
| #define HAVE_PUTC_UNLOCKED 1
| #define HAVE_GETC_UNLOCKED 1
| /* end confdefs.h.  */
| /* Define getwc_unlocked to an innocuous variant, in case <limits.h> declares getwc_unlocked.
|    For example, HP-UX 11i <limits.h> declares gettimeofday.  */
| #define getwc_unlocked innocuous_getwc_unlocked
| 
| /* System header to define __stub macros and hopefully few prototypes,
|     which can conflict with char getwc_unlocked (); below.
|     Prefer <limits.h> to <assert.h> if __STDC__ is defined, since
|     <limits.h> exists even on freestanding compilers.  */
| 
| #ifdef __STDC__
| # include <limits.h>
| #else
| # include <assert.h>
| #endif
| 
| #undef getwc_unlocked
| 
| /* Override any GCC internal prototype to avoid an error.
|    Use char because int might match the return type of a GCC
|    builtin and then its argument prototype would still apply.  */
| #ifdef __cplusplus
| extern "C"
| #endif
| char getwc_unlocked ();
| /* The GNU C library defines this for functions which it implements
|     to always fail with ENOSYS.  Some functions are actually named
|     something starting with __ and the normal name is an alias.  */
| #if defined __stub_getwc_unlocked || defined __stub___getwc_unlocked
| choke me
| #endif
| 
| int
| main ()
| {
| return getwc_unlocked ();
|   ;
|   return 0;
| }
configure:7001: result: no
configure:7015: checking for strtold
configure:7071: gcc -o conftest -g -O2   conftest.c -lm  >&5
configure:7077: $? = 0
configure:7094: result: yes
configure:7105: checking for tm_gmtoff
configure:7131: gcc -c -g -O2  conftest.c >&5
configure:7137: $? = 0
configure:7142: result: yes
configure:7159: checking for timezone
configure:7183: gcc -c -g -O2  conftest.c >&5
configure:7189: $? = 0
configure:7194: result: yes
configure:7211: checking for _timezone
configure:7235: gcc -c -g -O2  conftest.c >&5
conftest.c: In function 'main':
conftest.c:38: error: '_timezone' undeclared (first use in this function)
conftest.c:38: error: (Each undeclared identifier is reported only once
conftest.c:38: error: for each function it appears in.)
configure:7241: $? = 1
configure: failed program was:
| /* confdefs.h.  */
| #define PACKAGE_NAME "libphobos"
| #define PACKAGE_TARNAME "libphobos"
| #define PACKAGE_VERSION "version-unused"
| #define PACKAGE_STRING "libphobos version-unused"
| #define PACKAGE_BUGREPORT ""
| #define PACKAGE "libphobos"
| #define VERSION "version-unused"
| #define _GNU_SOURCE 1
| #define STDC_HEADERS 1
| #define HAVE_SYS_TYPES_H 1
| #define HAVE_SYS_STAT_H 1
| #define HAVE_STDLIB_H 1
| #define HAVE_STRING_H 1
| #define HAVE_MEMORY_H 1
| #define HAVE_STRINGS_H 1
| #define HAVE_INTTYPES_H 1
| #define HAVE_STDINT_H 1
| #define HAVE_UNISTD_H 1
| #define HAVE_SIZEOF_FILE 1
| #define HAVE_SIZEOF_DIR 1
| #define HAVE_LIBM 1
| #define HAVE_EXP2 1
| #define HAVE_LOG2 1
| #define HAVE_FP_CLASSIFY_SIGNBIT 1
| #define HAVE_FLOCKFILE 1
| #define HAVE_FUNLOCKFILE 1
| #define HAVE_PUTC_UNLOCKED 1
| #define HAVE_GETC_UNLOCKED 1
| #define HAVE_TM_GMTOFF_AND_ZONE 1
| #define HAVE_TIMEZONE 1
| /* end confdefs.h.  */
| #include <time.h>
| int
| main ()
| {
| 
| time_t t = _timezone * 42;
|   ;
|   return 0;
| }
configure:7257: result: no
configure:7268: checking for snprintf
configure:7324: gcc -o conftest -g -O2   conftest.c -lm  >&5
conftest.c:56: warning: conflicting types for built-in function 'snprintf'
configure:7330: $? = 0
configure:7348: result: yes
configure:7367: checking for vsnprintf
configure:7423: gcc -o conftest -g -O2   conftest.c -lm  >&5
conftest.c:57: warning: conflicting types for built-in function 'vsnprintf'
configure:7429: $? = 0
configure:7447: result: yes
configure:7539: checking pthread.h usability
configure:7556: gcc -c -g -O2  conftest.c >&5
configure:7562: $? = 0
configure:7576: result: yes
configure:7580: checking pthread.h presence
configure:7595: gcc -E  conftest.c
configure:7601: $? = 0
configure:7615: result: yes
configure:7643: checking for pthread.h
configure:7651: result: yes
configure:7669: checking for recursive mutex name
configure:7694: gcc -c -g -O2  conftest.c >&5
configure:7700: $? = 0
configure:7710: result: PTHREAD_MUTEX_RECURSIVE
configure:7722: checking for pthread_barrier_t
configure:7753: gcc -c -g -O2  conftest.c >&5
conftest.c:39: error: syntax error before 'ac__type_new_'
conftest.c:39: warning: data definition has no type or storage class
conftest.c: In function 'main':
conftest.c:43: error: syntax error before ')' token
configure:7759: $? = 1
configure: failed program was:
| /* confdefs.h.  */
| #define PACKAGE_NAME "libphobos"
| #define PACKAGE_TARNAME "libphobos"
| #define PACKAGE_VERSION "version-unused"
| #define PACKAGE_STRING "libphobos version-unused"
| #define PACKAGE_BUGREPORT ""
| #define PACKAGE "libphobos"
| #define VERSION "version-unused"
| #define _GNU_SOURCE 1
| #define STDC_HEADERS 1
| #define HAVE_SYS_TYPES_H 1
| #define HAVE_SYS_STAT_H 1
| #define HAVE_STDLIB_H 1
| #define HAVE_STRING_H 1
| #define HAVE_MEMORY_H 1
| #define HAVE_STRINGS_H 1
| #define HAVE_INTTYPES_H 1
| #define HAVE_STDINT_H 1
| #define HAVE_UNISTD_H 1
| #define HAVE_SIZEOF_FILE 1
| #define HAVE_SIZEOF_DIR 1
| #define HAVE_LIBM 1
| #define HAVE_EXP2 1
| #define HAVE_LOG2 1
| #define HAVE_FP_CLASSIFY_SIGNBIT 1
| #define HAVE_FLOCKFILE 1
| #define HAVE_FUNLOCKFILE 1
| #define HAVE_PUTC_UNLOCKED 1
| #define HAVE_GETC_UNLOCKED 1
| #define HAVE_TM_GMTOFF_AND_ZONE 1
| #define HAVE_TIMEZONE 1
| #define HAVE_SNPRINTF 1
| #define HAVE_VSNPRINTF 1
| #define HAVE_PTHREAD_H 1
| #define HAVE_PTHREAD_MUTEX_RECURSIVE 1
| /* end confdefs.h.  */
| #include <pthread.h>
| 
| typedef pthread_barrier_t ac__type_new_;
| int
| main ()
| {
| if ((ac__type_new_ *) 0)
|   return 0;
| if (sizeof (ac__type_new_))
|   return 0;
|   ;
|   return 0;
| }
configure:7774: result: no
configure:7784: checking for pthread_barrierattr_t
configure:7815: gcc -c -g -O2  conftest.c >&5
conftest.c:39: error: syntax error before 'ac__type_new_'
conftest.c:39: warning: data definition has no type or storage class
conftest.c: In function 'main':
conftest.c:43: error: syntax error before ')' token
configure:7821: $? = 1
configure: failed program was:
| /* confdefs.h.  */
| #define PACKAGE_NAME "libphobos"
| #define PACKAGE_TARNAME "libphobos"
| #define PACKAGE_VERSION "version-unused"
| #define PACKAGE_STRING "libphobos version-unused"
| #define PACKAGE_BUGREPORT ""
| #define PACKAGE "libphobos"
| #define VERSION "version-unused"
| #define _GNU_SOURCE 1
| #define STDC_HEADERS 1
| #define HAVE_SYS_TYPES_H 1
| #define HAVE_SYS_STAT_H 1
| #define HAVE_STDLIB_H 1
| #define HAVE_STRING_H 1
| #define HAVE_MEMORY_H 1
| #define HAVE_STRINGS_H 1
| #define HAVE_INTTYPES_H 1
| #define HAVE_STDINT_H 1
| #define HAVE_UNISTD_H 1
| #define HAVE_SIZEOF_FILE 1
| #define HAVE_SIZEOF_DIR 1
| #define HAVE_LIBM 1
| #define HAVE_EXP2 1
| #define HAVE_LOG2 1
| #define HAVE_FP_CLASSIFY_SIGNBIT 1
| #define HAVE_FLOCKFILE 1
| #define HAVE_FUNLOCKFILE 1
| #define HAVE_PUTC_UNLOCKED 1
| #define HAVE_GETC_UNLOCKED 1
| #define HAVE_TM_GMTOFF_AND_ZONE 1
| #define HAVE_TIMEZONE 1
| #define HAVE_SNPRINTF 1
| #define HAVE_VSNPRINTF 1
| #define HAVE_PTHREAD_H 1
| #define HAVE_PTHREAD_MUTEX_RECURSIVE 1
| /* end confdefs.h.  */
| #include <pthread.h>
| 
| typedef pthread_barrierattr_t ac__type_new_;
| int
| main ()
| {
| if ((ac__type_new_ *) 0)
|   return 0;
| if (sizeof (ac__type_new_))
|   return 0;
|   ;
|   return 0;
| }
configure:7836: result: no
configure:7846: checking for pthread_rwlock_t
configure:7877: gcc -c -g -O2  conftest.c >&5
configure:7883: $? = 0
configure:7898: result: yes
configure:7908: checking for pthread_rwlockattr_t
configure:7939: gcc -c -g -O2  conftest.c >&5
configure:7945: $? = 0
configure:7960: result: yes
configure:7970: checking for pthread_spinlock_t
configure:8001: gcc -c -g -O2  conftest.c >&5
conftest.c:41: error: syntax error before 'ac__type_new_'
conftest.c:41: warning: data definition has no type or storage class
conftest.c: In function 'main':
conftest.c:45: error: syntax error before ')' token
configure:8007: $? = 1
configure: failed program was:
| /* confdefs.h.  */
| #define PACKAGE_NAME "libphobos"
| #define PACKAGE_TARNAME "libphobos"
| #define PACKAGE_VERSION "version-unused"
| #define PACKAGE_STRING "libphobos version-unused"
| #define PACKAGE_BUGREPORT ""
| #define PACKAGE "libphobos"
| #define VERSION "version-unused"
| #define _GNU_SOURCE 1
| #define STDC_HEADERS 1
| #define HAVE_SYS_TYPES_H 1
| #define HAVE_SYS_STAT_H 1
| #define HAVE_STDLIB_H 1
| #define HAVE_STRING_H 1
| #define HAVE_MEMORY_H 1
| #define HAVE_STRINGS_H 1
| #define HAVE_INTTYPES_H 1
| #define HAVE_STDINT_H 1
| #define HAVE_UNISTD_H 1
| #define HAVE_SIZEOF_FILE 1
| #define HAVE_SIZEOF_DIR 1
| #define HAVE_LIBM 1
| #define HAVE_EXP2 1
| #define HAVE_LOG2 1
| #define HAVE_FP_CLASSIFY_SIGNBIT 1
| #define HAVE_FLOCKFILE 1
| #define HAVE_FUNLOCKFILE 1
| #define HAVE_PUTC_UNLOCKED 1
| #define HAVE_GETC_UNLOCKED 1
| #define HAVE_TM_GMTOFF_AND_ZONE 1
| #define HAVE_TIMEZONE 1
| #define HAVE_SNPRINTF 1
| #define HAVE_VSNPRINTF 1
| #define HAVE_PTHREAD_H 1
| #define HAVE_PTHREAD_MUTEX_RECURSIVE 1
| #define HAVE_PTHREAD_RWLOCK_T 1
| #define HAVE_PTHREAD_RWLOCKATTR_T 1
| /* end confdefs.h.  */
| #include <pthread.h>
| 
| typedef pthread_spinlock_t ac__type_new_;
| int
| main ()
| {
| if ((ac__type_new_ *) 0)
|   return 0;
| if (sizeof (ac__type_new_))
|   return 0;
|   ;
|   return 0;
| }
configure:8022: result: no
configure:8034: checking for clockid_t
configure:8065: gcc -c -g -O2  conftest.c >&5
conftest.c:41: error: syntax error before 'ac__type_new_'
conftest.c:41: warning: data definition has no type or storage class
conftest.c: In function 'main':
conftest.c:45: error: syntax error before ')' token
configure:8071: $? = 1
configure: failed program was:
| /* confdefs.h.  */
| #define PACKAGE_NAME "libphobos"
| #define PACKAGE_TARNAME "libphobos"
| #define PACKAGE_VERSION "version-unused"
| #define PACKAGE_STRING "libphobos version-unused"
| #define PACKAGE_BUGREPORT ""
| #define PACKAGE "libphobos"
| #define VERSION "version-unused"
| #define _GNU_SOURCE 1
| #define STDC_HEADERS 1
| #define HAVE_SYS_TYPES_H 1
| #define HAVE_SYS_STAT_H 1
| #define HAVE_STDLIB_H 1
| #define HAVE_STRING_H 1
| #define HAVE_MEMORY_H 1
| #define HAVE_STRINGS_H 1
| #define HAVE_INTTYPES_H 1
| #define HAVE_STDINT_H 1
| #define HAVE_UNISTD_H 1
| #define HAVE_SIZEOF_FILE 1
| #define HAVE_SIZEOF_DIR 1
| #define HAVE_LIBM 1
| #define HAVE_EXP2 1
| #define HAVE_LOG2 1
| #define HAVE_FP_CLASSIFY_SIGNBIT 1
| #define HAVE_FLOCKFILE 1
| #define HAVE_FUNLOCKFILE 1
| #define HAVE_PUTC_UNLOCKED 1
| #define HAVE_GETC_UNLOCKED 1
| #define HAVE_TM_GMTOFF_AND_ZONE 1
| #define HAVE_TIMEZONE 1
| #define HAVE_SNPRINTF 1
| #define HAVE_VSNPRINTF 1
| #define HAVE_PTHREAD_H 1
| #define HAVE_PTHREAD_MUTEX_RECURSIVE 1
| #define HAVE_PTHREAD_RWLOCK_T 1
| #define HAVE_PTHREAD_RWLOCKATTR_T 1
| /* end confdefs.h.  */
| #include <pthread.h>
| 
| typedef clockid_t ac__type_new_;
| int
| main ()
| {
| if ((ac__type_new_ *) 0)
|   return 0;
| if (sizeof (ac__type_new_))
|   return 0;
|   ;
|   return 0;
| }
configure:8086: result: no
configure:8101: checking for thread library linker argument
configure:8130: gcc -o conftest -g -O2   conftest.c -lm   >&5
configure:8136: $? = 0
configure:8165: result: none needed
configure:8172: checking for socklen_t
configure:8206: gcc -c -g -O2  conftest.c >&5
configure:8212: $? = 0
configure:8227: result: yes
configure:8237: checking for siginfo_t
configure:8271: gcc -c -g -O2  conftest.c >&5
configure:8277: $? = 0
configure:8292: result: yes
configure:8304: checking for sa_len
configure:8330: gcc -c -g -O2  conftest.c >&5
configure:8336: $? = 0
configure:8341: result: yes
configure:8356: checking size of sa_len
configure:8385: gcc -c -g -O2  conftest.c >&5
configure:8391: $? = 0
configure:8396: result: one byte
configure:8467: checking for library containing sem_init
configure:8508: gcc -o conftest -g -O2   conftest.c -lm   >&5
configure:8514: $? = 0
configure:8542: result: none required
configure:8570: checking semaphore.h usability
configure:8587: gcc -c -g -O2  conftest.c >&5
configure:8593: $? = 0
configure:8607: result: yes
configure:8611: checking semaphore.h presence
configure:8626: gcc -E  conftest.c
configure:8632: $? = 0
configure:8646: result: yes
configure:8674: checking for semaphore.h
configure:8682: result: yes
configure:8695: checking for sem_init
configure:8751: gcc -o conftest -g -O2   conftest.c -lm   >&5
configure:8757: $? = 0
configure:8774: result: yes
configure:8777: checking for semaphore_create
configure:8833: gcc -o conftest -g -O2   conftest.c -lm   >&5
configure:8839: $? = 0
configure:8856: result: yes
configure:8859: checking for pthread_cond_wait
configure:8915: gcc -o conftest -g -O2   conftest.c -lm   >&5
configure:8921: $? = 0
configure:8938: result: yes
configure:9154: checking for mmap
configure:9210: gcc -o conftest -g -O2   conftest.c -lm   >&5
configure:9216: $? = 0
configure:9233: result: yes
configure:9240: checking for getpwnam_r
configure:9296: gcc -o conftest -g -O2   conftest.c -lm   >&5
configure:9302: $? = 0
configure:9319: result: yes
configure:9432: checking for mmap
configure:9511: result: yes
configure:9850: creating ./config.status

## ---------------------- ##
## Running config.status. ##
## ---------------------- ##

This file was extended by libphobos config.status version-unused, which was
generated by GNU Autoconf 2.61.  Invocation command line was

  CONFIG_FILES    = 
  CONFIG_HEADERS  = 
  CONFIG_LINKS    = 
  CONFIG_COMMANDS = 
  $ ./config.status 

on icaro-2.local

config.status:680: creating Makefile
config.status:680: creating frag-ac
config.status:680: creating phobos-ver-syms
config.status:680: creating config.h
config.status:929: config.h is unchanged

## ---------------- ##
## Cache variables. ##
## ---------------- ##

ac_cv_build=i386-apple-darwin9.7.0
ac_cv_c_compiler_gnu=yes
ac_cv_cxx_compiler_gnu=yes
ac_cv_env_CPPFLAGS_set=
ac_cv_env_CPPFLAGS_value=
ac_cv_env_CPP_set=
ac_cv_env_CPP_value=
ac_cv_env_build_alias_set=
ac_cv_env_build_alias_value=
ac_cv_env_host_alias_set=
ac_cv_env_host_alias_value=
ac_cv_env_target_alias_set=
ac_cv_env_target_alias_value=
ac_cv_func_execvpe=no
ac_cv_func_exp2=yes
ac_cv_func_fgetline=no
ac_cv_func_fgetln=yes
ac_cv_func_flockfile=yes
ac_cv_func_funlockfile=yes
ac_cv_func_fwide=yes
ac_cv_func_getc_unlocked=yes
ac_cv_func_getdelim=no
ac_cv_func_getpwnam_r=yes
ac_cv_func_getwc_unlocked=no
ac_cv_func_log2=yes
ac_cv_func_mmap=yes
ac_cv_func_nan=yes
ac_cv_func_nearbyint=yes
ac_cv_func_pthread_cond_wait=yes
ac_cv_func_putc_unlocked=yes
ac_cv_func_putwc_unlocked=no
ac_cv_func_round=yes
ac_cv_func_sem_init=yes
ac_cv_func_semaphore_create=yes
ac_cv_func_snprintf=yes
ac_cv_func_spawnvp=no
ac_cv_func_sqrtf=yes
ac_cv_func_strtold=yes
ac_cv_func_tgamma=yes
ac_cv_func_trunc=yes
ac_cv_func_vsnprintf=yes
ac_cv_header_dirent_h=yes
ac_cv_header_inttypes_h=yes
ac_cv_header_memory_h=yes
ac_cv_header_pthread_h=yes
ac_cv_header_semaphore_h=yes
ac_cv_header_stdc=yes
ac_cv_header_stdint_h=yes
ac_cv_header_stdio_h=yes
ac_cv_header_stdlib_h=yes
ac_cv_header_string_h=yes
ac_cv_header_strings_h=yes
ac_cv_header_sys_stat_h=yes
ac_cv_header_sys_types_h=yes
ac_cv_header_unistd_h=yes
ac_cv_host=i386-apple-darwin9.7.0
ac_cv_lib_m_cos=yes
ac_cv_objext=o
ac_cv_path_EGREP='/usr/bin/grep -E'
ac_cv_path_GREP=/usr/bin/grep
ac_cv_path_install='/usr/bin/install -c'
ac_cv_prog_AWK=awk
ac_cv_prog_CPP='gcc -E'
ac_cv_prog_ac_ct_CC=gcc
ac_cv_prog_ac_ct_CXX=g++
ac_cv_prog_ac_ct_RANLIB=ranlib
ac_cv_prog_cc_c89=
ac_cv_prog_cc_g=yes
ac_cv_prog_cxx_g=yes
ac_cv_prog_make_make_set=yes
ac_cv_search_sem_init='none required'
ac_cv_target=i386-apple-darwin9.7.0
ac_cv_type_clockid_t=no
ac_cv_type_pthread_barrier_t=no
ac_cv_type_pthread_barrierattr_t=no
ac_cv_type_pthread_rwlock_t=yes
ac_cv_type_pthread_rwlockattr_t=yes
ac_cv_type_pthread_spinlock_t=no
ac_cv_type_siginfo_t=yes
ac_cv_type_socklen_t=yes

## ----------------- ##
## Output variables. ##
## ----------------- ##

ACLOCAL='${SHELL} /Users/fawzi/d/tango/runtime/compiler/gdc/missing --run aclocal-1.10'
AMTAR='${SHELL} /Users/fawzi/d/tango/runtime/compiler/gdc/missing --run tar'
AR='ar'
AUTOCONF='${SHELL} /Users/fawzi/d/tango/runtime/compiler/gdc/missing --run autoconf'
AUTOHEADER='${SHELL} /Users/fawzi/d/tango/runtime/compiler/gdc/missing --run autoheader'
AUTOMAKE='${SHELL} /Users/fawzi/d/tango/runtime/compiler/gdc/missing --run automake-1.10'
AWK='awk'
CC='gcc'
CFLAGS='-g -O2'
CPP='gcc -E'
CPPFLAGS=''
CXX='g++'
CXXFLAGS=''
CYGPATH_W='echo'
DCFG_CBRIDGE_STDIO=''
DCFG_EXECVPE='GNU_Need_execvpe'
DCFG_EXP2_LOG2=''
DCFG_FWIDE='1'
DCFG_GETPWNAM_R='GNU_Unix_Have_getpwnam_r'
DCFG_HAVE_FGETLINE='0'
DCFG_HAVE_FGETLN='1'
DCFG_HAVE_GETDELIM='0'
DCFG_HAVE_UNLOCKED_STDIO='1'
DCFG_HAVE_UNLOCKED_WIDE_STDIO='0'
DCFG_MMAP='GNU_Unix_Have_MMap'
DCFG_NAN=''
DCFG_NEARBYINT=''
DCFG_PTHREAD_SUSPEND=''
DCFG_ROUND=''
DCFG_SA_LEN='GNU_BsdSockets_salen'
DCFG_SEMAPHORE_IMPL='GNU_Semaphore_Mach'
DCFG_SPAWNVP='GNU_Need_spawnvp'
DCFG_STRTOLD='GNU_Have_strtold'
DCFG_TGAMMA=''
DCFG_TRUNC=''
DCFG_UNIX='Unix'
DEFS='-DHAVE_CONFIG_H'
DFLAGS='-g -frelease -O2'
D_EXTRA_OBJS='gcc/configunix.o gcc/cbridge_fdset.o  gcc/cbridge_math.o'
D_FRAGMENT_SRCDIR=''
D_GENERATE_FRAGMENTS_FALSE='#'
D_GENERATE_FRAGMENTS_TRUE=''
D_MEM_FLAGS='-fversion=GC_Use_Alloc_MMap -fversion=GC_Use_Stack_Fixed -fversion=GC_Use_Data_Dyld'
D_MEM_MODULES=' memory_dyld.o'
D_PREREQ_SRCS='$(config_d_src) $(configunix_d_src)'
ECHO_C='ECHO_N=''
ECHO_T=''
EGREP='/usr/bin/grep -E'
EXEEXT=''
GDC='gdc'
GREP='/usr/bin/grep'
INSTALL_DATA='${INSTALL} -m 644'
INSTALL_PROGRAM='${INSTALL}'
INSTALL_SCRIPT='${INSTALL}'
INSTALL_STRIP_PROGRAM='$(install_sh) -c -s'
LDFLAGS=''
LIBOBJS=''
LIBS='-lm  '
LTLIBOBJS=''
MAKEINFO='${SHELL} /Users/fawzi/d/tango/runtime/compiler/gdc/missing --run makeinfo'
OBJEXT='o'
PACKAGE='libphobos'
PACKAGE_BUGREPORT=''
PACKAGE_NAME='libphobos'
PACKAGE_STRING='libphobos version-unused'
PACKAGE_TARNAME='libphobos'
PACKAGE_VERSION='version-unused'
PATH_SEPARATOR=':'
RANLIB='ranlib'
SET_MAKE=''
SHELL='/bin/sh'
STRIP=''
VERSION='version-unused'
ac_ct_CC='gcc'
ac_ct_CXX='g++'
am__isrc=''
am__leading_dot='.'
am__tar='${AMTAR} chof - "$$tardir"'
am__untar='${AMTAR} xf -'
bindir='${exec_prefix}/bin'
build='i386-apple-darwin9.7.0'
build_alias=''
build_cpu='i386'
build_os='darwin9.7.0'
build_vendor='apple'
datadir='${datarootdir}'
datarootdir='${prefix}/share'
docdir='${datarootdir}/doc/${PACKAGE_TARNAME}'
dvidir='${docdir}'
exec_prefix='${prefix}'
gdc_include_dir='${prefix}/include/d/4.1.2'
host='i386-apple-darwin9.7.0'
host_alias=''
host_cpu='i386'
host_os='darwin9.7.0'
host_vendor='apple'
htmldir='${docdir}'
includedir='${prefix}/include'
infodir='${datarootdir}/info'
install_sh='$(SHELL) /Users/fawzi/d/tango/runtime/compiler/gdc/install-sh'
libdir='${exec_prefix}/lib'
libexecdir='${exec_prefix}/libexec'
localedir='${datarootdir}/locale'
localstatedir='${prefix}/var'
mandir='${datarootdir}/man'
mkdir_p='$(top_builddir)/./install-sh -c -d'
oldincludedir='/usr/include'
pdfdir='${docdir}'
phobos_toolexecdir='${libdir}/gcc/${host_alias}'
phobos_toolexeclibdir='${libdir}'
prefix='/usr/local'
program_transform_name='s,x,x,'
psdir='${docdir}'
sbindir='${exec_prefix}/sbin'
sharedstatedir='${prefix}/com'
srcdir='.'
sysconfdir='${prefix}/etc'
target='i386-apple-darwin9.7.0'
target_alias='i386-apple-darwin9.7.0'
target_cpu='i386'
target_os='darwin9.7.0'
target_vendor='apple'

## ------------------- ##
## File substitutions. ##
## ------------------- ##

DCFG_LONG_DOUBLE_FUNCS='./config/ldfuncs-darwin'
DCFG_SQRTF='./config/sqrtf'

## ----------- ##
## confdefs.h. ##
## ----------- ##

#define PACKAGE_NAME "libphobos"
#define PACKAGE_TARNAME "libphobos"
#define PACKAGE_VERSION "version-unused"
#define PACKAGE_STRING "libphobos version-unused"
#define PACKAGE_BUGREPORT ""
#define PACKAGE "libphobos"
#define VERSION "version-unused"
#define _GNU_SOURCE 1
#define STDC_HEADERS 1
#define HAVE_SYS_TYPES_H 1
#define HAVE_SYS_STAT_H 1
#define HAVE_STDLIB_H 1
#define HAVE_STRING_H 1
#define HAVE_MEMORY_H 1
#define HAVE_STRINGS_H 1
#define HAVE_INTTYPES_H 1
#define HAVE_STDINT_H 1
#define HAVE_UNISTD_H 1
#define HAVE_SIZEOF_FILE 1
#define HAVE_SIZEOF_DIR 1
#define HAVE_LIBM 1
#define HAVE_EXP2 1
#define HAVE_LOG2 1
#define HAVE_FP_CLASSIFY_SIGNBIT 1
#define HAVE_FLOCKFILE 1
#define HAVE_FUNLOCKFILE 1
#define HAVE_PUTC_UNLOCKED 1
#define HAVE_GETC_UNLOCKED 1
#define HAVE_TM_GMTOFF_AND_ZONE 1
#define HAVE_TIMEZONE 1
#define HAVE_SNPRINTF 1
#define HAVE_VSNPRINTF 1
#define HAVE_PTHREAD_H 1
#define HAVE_PTHREAD_MUTEX_RECURSIVE 1
#define HAVE_PTHREAD_RWLOCK_T 1
#define HAVE_PTHREAD_RWLOCKATTR_T 1
#define HAVE_SOCKLEN_T 1
#define HAVE_SIGINFO_T 1
#define HAVE_SEMAPHORE_H 1
#define PHOBOS_USE_PTHREADS 1

configure: exit 0
